
Warnings...

Exceptions.py:32: Base class (exceptions.Exception) __init__() not called

MasterObject.py:212: Function returns a value and also implicitly returns None

SlaveObject.py:21: Imported module (xml) not used
SlaveObject.py:22: Imported module (pyDCPU) not used
SlaveObject.py:26: No method arguments, should have self as argument
SlaveObject.py:28: No method arguments, should have self as argument
SlaveObject.py:30: No method arguments, should have self as argument
SlaveObject.py:32: No method arguments, should have self as argument
SlaveObject.py:34: No method arguments, should have self as argument
SlaveObject.py:36: No method arguments, should have self as argument
SlaveObject.py:38: No method arguments, should have self as argument
SlaveObject.py:49: No method arguments, should have self as argument
SlaveObject.py:60: No global (SlaveHandlerSet) found
SlaveObject.py:61: No global (logging) found
SlaveObject.py:63: No method arguments, should have self as argument
SlaveObject.py:86: self is not first method argument
SlaveObject.py:89: Parameter (Address) not used

__init__.py:22: Variable (__status__) not used
__init__.py:24: Variable (__date__) not used

pyDCPUCore.py:148: (Object) cannot be used after being deleted on line 145
pyDCPUCore.py:150: (Object) cannot be used after being deleted on line 145
pyDCPUCore.py:247: No class attribute (ExportableSymbolTree) found
pyDCPUCore.py:282: Parameter (doc) not used
pyDCPUCore.py:451: No class attribute (ExportableSymbolTree) found

pyDCPUCoreLogging.py:33: No module attribute (SysLogHandler) found
pyDCPUCoreLogging.py:38: No global (NTEventLogHandler) found

pyDCPUModule.py:32: No module attribute (sax) found
pyDCPUModule.py:35: Base class (xml.sax.handler.ContentHandler) __init__() not called
pyDCPUModule.py:183: Local variable (sax) not used
pyDCPUModule.py:183: No module attribute (sax) found
pyDCPUModule.py:223: Function returns a value and also implicitly returns None
pyDCPUModule.py:249: No global (randint) found

pyDCPUObjectTree.py:72: Function returns a value and also implicitly returns None
pyDCPUObjectTree.py:138: Function returns a value and also implicitly returns None

pyDCPUSymbol.py:83: No class attribute (_Symbol__TypeName) found

pyDCPUSymbolFolder.py:68: Function returns a value and also implicitly returns None
pyDCPUSymbolFolder.py:108: Function returns a value and also implicitly returns None

pyDCPUSymbolSlot.py:122: Function returns a value and also implicitly returns None
pyDCPUSymbolSlot.py:175: Parameter (Address) not used
pyDCPUSymbolSlot.py:217: Function returns a value and also implicitly returns None

pyDCPUSymbolTree.py:34: Base class (pyDCPUSymbolFolder.Folder) __init__() not called
pyDCPUSymbolTree.py:73: Overridden method (ListFolders) doesn't match signature in class (pyDCPUSymbolFolder.Folder)
pyDCPUSymbolTree.py:85: Overridden method (ListSymbols) doesn't match signature in class (pyDCPUSymbolFolder.Folder)
pyDCPUSymbolTree.py:224: Overridden method (SetPossession) doesn't match signature in class (pyDCPUSymbolFolder.Folder)
pyDCPUSymbolTree.py:224: Parameter (Group) not used
pyDCPUSymbolTree.py:224: Parameter (Permissions) not used
pyDCPUSymbolTree.py:224: Parameter (User) not used
pyDCPUSymbolTree.py:231: No class attribute (_SymbolTree__User) found
pyDCPUSymbolTree.py:232: No class attribute (_SymbolTree__Group) found
pyDCPUSymbolTree.py:233: No class attribute (_SymbolTree__permissions) found
pyDCPUSymbolTree.py:239: Overridden method (GetPossession) doesn't match signature in class (pyDCPUSymbolFolder.Folder)
pyDCPUSymbolTree.py:316: Function returns a value and also implicitly returns None
pyDCPUSymbolTree.py:322: No class attribute (_SymbolTree__Possession) found
pyDCPUSymbolTree.py:323: No class attribute (_SymbolTree__Possession) found
pyDCPUSymbolTree.py:324: No class attribute (_SymbolTree__Possession) found
